[{"line":2,"elements":[{"line":4,"name":"Ortak Stepler","description":"","type":"background","keyword":"Background","steps":[{"result":{"duration":10126724500,"status":"passed"},"line":5,"name":"Medunna anasayfasina gidilir","match":{"location":"stepDefinitions.US001StepDefs.medunnaAnasayfasinaGidilir()"},"keyword":"Given "},{"result":{"duration":83687000,"status":"passed"},"line":6,"name":"Account menu butonu tiklanir","match":{"location":"stepDefinitions.US001StepDefs.accountMenuButonuTiklanir()"},"keyword":"Then "},{"result":{"duration":15170888600,"status":"passed"},"line":7,"name":"Registration sayfasina gidilir","match":{"location":"stepDefinitions.US001StepDefs.registrationSayfasinaGidilir()"},"keyword":"And "}]},{"start_timestamp":"2022-11-21T10:02:38.506Z","line":39,"name":"US003_TC03","description":"","id":"us002-registerpage;us003-tc03;test-data;2","type":"scenario","keyword":"Scenario Outline","steps":[{"result":{"duration":2313332800,"status":"passed"},"line":35,"name":"New Password bolumune yedi karakterden az bir sifre \"eraydT\" girilir","match":{"arguments":[{"val":"\"eraydT\"","offset":52}],"location":"stepDefinitions.US003StepDefs.newPasswordBolumuneKarakterdenAzBirSifreGirilir(java.lang.String)"},"keyword":"Given "},{"result":{"error_message":"org.openqa.selenium.NoSuchElementException: no such element: Unable to locate element: {\"method\":\"xpath\",\"selector\":\"//li[@style='background-color: rgb(0, 255, 0);']\"}\n  (Session info: chrome=107.0.5304.107)\nFor documentation on this error, please visit: https://selenium.dev/exceptions/#no_such_element\nBuild info: version: '4.1.3', revision: '7b1ebf28ef'\nSystem info: host: 'DESKTOP-QTJRRJG', ip: '192.168.1.27', os.name: 'Windows 10', os.arch: 'amd64', os.version: '10.0', java.version: '18.0.2'\nDriver info: org.openqa.selenium.chrome.ChromeDriver\nCommand: [10f4adc0f734fd91b27a7c54e9bcd86c, findElement {using=xpath, value=//li[@style='background-color: rgb(0, 255, 0);']}]\nCapabilities {acceptInsecureCerts: false, browserName: chrome, browserVersion: 107.0.5304.107, chrome: {chromedriverVersion: 107.0.5304.62 (1eec40d3a576..., userDataDir: C:\\Users\\TULAY\\AppData\\Loca...}, goog:chromeOptions: {debuggerAddress: localhost:50341}, javascriptEnabled: true, networkConnectionEnabled: false, pageLoadStrategy: normal, platform: WINDOWS, platformName: WINDOWS, proxy: Proxy(), se:cdp: ws://localhost:50341/devtoo..., se:cdpVersion: 107.0.5304.107, setWindowRect: true, strictFileInteractability: false, timeouts: {implicit: 0, pageLoad: 300000, script: 30000}, unhandledPromptBehavior: dismiss and notify, webauthn:extension:credBlob: true, webauthn:extension:largeBlob: true, webauthn:virtualAuthenticators: true}\nSession ID: 10f4adc0f734fd91b27a7c54e9bcd86c\r\n\tat java.base/jdk.internal.reflect.DirectConstructorHandleAccessor.newInstance(DirectConstructorHandleAccessor.java:67)\r\n\tat java.base/java.lang.reflect.Constructor.newInstanceWithCaller(Constructor.java:499)\r\n\tat java.base/java.lang.reflect.Constructor.newInstance(Constructor.java:483)\r\n\tat org.openqa.selenium.remote.codec.w3c.W3CHttpResponseCodec.createException(W3CHttpResponseCodec.java:200)\r\n\tat org.openqa.selenium.remote.codec.w3c.W3CHttpResponseCodec.decode(W3CHttpResponseCodec.java:133)\r\n\tat org.openqa.selenium.remote.codec.w3c.W3CHttpResponseCodec.decode(W3CHttpResponseCodec.java:53)\r\n\tat org.openqa.selenium.remote.HttpCommandExecutor.execute(HttpCommandExecutor.java:184)\r\n\tat org.openqa.selenium.remote.service.DriverCommandExecutor.invokeExecute(DriverCommandExecutor.java:167)\r\n\tat org.openqa.selenium.remote.service.DriverCommandExecutor.execute(DriverCommandExecutor.java:142)\r\n\tat org.openqa.selenium.remote.RemoteWebDriver.execute(RemoteWebDriver.java:567)\r\n\tat org.openqa.selenium.remote.ElementLocation$ElementFinder$2.findElement(ElementLocation.java:162)\r\n\tat org.openqa.selenium.remote.ElementLocation.findElement(ElementLocation.java:60)\r\n\tat org.openqa.selenium.remote.RemoteWebDriver.findElement(RemoteWebDriver.java:385)\r\n\tat org.openqa.selenium.remote.RemoteWebDriver.findElement(RemoteWebDriver.java:377)\r\n\tat org.openqa.selenium.support.pagefactory.DefaultElementLocator.findElement(DefaultElementLocator.java:70)\r\n\tat org.openqa.selenium.support.pagefactory.internal.LocatingElementHandler.invoke(LocatingElementHandler.java:39)\r\n\tat jdk.proxy2/jdk.proxy2.$Proxy21.isDisplayed(Unknown Source)\r\n\tat stepDefinitions.US003StepDefs.passwordStrengthSeviyesininOlmadigiTestEdilir(US003StepDefs.java:59)\r\n\tat ✽.Password strength seviyesinin bes olmadigi test edilir(file:///C:/Users/TULAY/IdeaProjects/CucumberProjeMedunna/src/test/resources/features/US003.feature:36)\r\n","duration":15036446900,"status":"failed"},"line":36,"name":"Password strength seviyesinin bes olmadigi test edilir","match":{"location":"stepDefinitions.US003StepDefs.passwordStrengthSeviyesininOlmadigiTestEdilir()"},"keyword":"Then "}],"tags":[{"name":"@US003_UI"},{"name":"@SmokeTests"},{"name":"@US003_TC03"}]},{"line":4,"name":"Ortak Stepler","description":"","type":"background","keyword":"Background","steps":[{"result":{"duration":379983700,"status":"passed"},"line":5,"name":"Medunna anasayfasina gidilir","match":{"location":"stepDefinitions.US001StepDefs.medunnaAnasayfasinaGidilir()"},"keyword":"Given "},{"result":{"duration":99733600,"status":"passed"},"line":6,"name":"Account menu butonu tiklanir","match":{"location":"stepDefinitions.US001StepDefs.accountMenuButonuTiklanir()"},"keyword":"Then "},{"result":{"duration":15138954600,"status":"passed"},"line":7,"name":"Registration sayfasina gidilir","match":{"location":"stepDefinitions.US001StepDefs.registrationSayfasinaGidilir()"},"keyword":"And "}]},{"start_timestamp":"2022-11-21T10:03:21.404Z","line":40,"name":"US003_TC03","description":"","id":"us002-registerpage;us003-tc03;test-data;3","type":"scenario","keyword":"Scenario Outline","steps":[{"result":{"duration":2229082100,"status":"passed"},"line":35,"name":"New Password bolumune yedi karakterden az bir sifre \"34568a\" girilir","match":{"arguments":[{"val":"\"34568a\"","offset":52}],"location":"stepDefinitions.US003StepDefs.newPasswordBolumuneKarakterdenAzBirSifreGirilir(java.lang.String)"},"keyword":"Given "},{"result":{"error_message":"org.openqa.selenium.NoSuchElementException: no such element: Unable to locate element: {\"method\":\"xpath\",\"selector\":\"//li[@style='background-color: rgb(0, 255, 0);']\"}\n  (Session info: chrome=107.0.5304.107)\nFor documentation on this error, please visit: https://selenium.dev/exceptions/#no_such_element\nBuild info: version: '4.1.3', revision: '7b1ebf28ef'\nSystem info: host: 'DESKTOP-QTJRRJG', ip: '192.168.1.27', os.name: 'Windows 10', os.arch: 'amd64', os.version: '10.0', java.version: '18.0.2'\nDriver info: org.openqa.selenium.chrome.ChromeDriver\nCommand: [10f4adc0f734fd91b27a7c54e9bcd86c, findElement {using=xpath, value=//li[@style='background-color: rgb(0, 255, 0);']}]\nCapabilities {acceptInsecureCerts: false, browserName: chrome, browserVersion: 107.0.5304.107, chrome: {chromedriverVersion: 107.0.5304.62 (1eec40d3a576..., userDataDir: C:\\Users\\TULAY\\AppData\\Loca...}, goog:chromeOptions: {debuggerAddress: localhost:50341}, javascriptEnabled: true, networkConnectionEnabled: false, pageLoadStrategy: normal, platform: WINDOWS, platformName: WINDOWS, proxy: Proxy(), se:cdp: ws://localhost:50341/devtoo..., se:cdpVersion: 107.0.5304.107, setWindowRect: true, strictFileInteractability: false, timeouts: {implicit: 0, pageLoad: 300000, script: 30000}, unhandledPromptBehavior: dismiss and notify, webauthn:extension:credBlob: true, webauthn:extension:largeBlob: true, webauthn:virtualAuthenticators: true}\nSession ID: 10f4adc0f734fd91b27a7c54e9bcd86c\r\n\tat java.base/jdk.internal.reflect.DirectConstructorHandleAccessor.newInstance(DirectConstructorHandleAccessor.java:67)\r\n\tat java.base/java.lang.reflect.Constructor.newInstanceWithCaller(Constructor.java:499)\r\n\tat java.base/java.lang.reflect.Constructor.newInstance(Constructor.java:483)\r\n\tat org.openqa.selenium.remote.codec.w3c.W3CHttpResponseCodec.createException(W3CHttpResponseCodec.java:200)\r\n\tat org.openqa.selenium.remote.codec.w3c.W3CHttpResponseCodec.decode(W3CHttpResponseCodec.java:133)\r\n\tat org.openqa.selenium.remote.codec.w3c.W3CHttpResponseCodec.decode(W3CHttpResponseCodec.java:53)\r\n\tat org.openqa.selenium.remote.HttpCommandExecutor.execute(HttpCommandExecutor.java:184)\r\n\tat org.openqa.selenium.remote.service.DriverCommandExecutor.invokeExecute(DriverCommandExecutor.java:167)\r\n\tat org.openqa.selenium.remote.service.DriverCommandExecutor.execute(DriverCommandExecutor.java:142)\r\n\tat org.openqa.selenium.remote.RemoteWebDriver.execute(RemoteWebDriver.java:567)\r\n\tat org.openqa.selenium.remote.ElementLocation$ElementFinder$2.findElement(ElementLocation.java:162)\r\n\tat org.openqa.selenium.remote.ElementLocation.findElement(ElementLocation.java:60)\r\n\tat org.openqa.selenium.remote.RemoteWebDriver.findElement(RemoteWebDriver.java:385)\r\n\tat org.openqa.selenium.remote.RemoteWebDriver.findElement(RemoteWebDriver.java:377)\r\n\tat org.openqa.selenium.support.pagefactory.DefaultElementLocator.findElement(DefaultElementLocator.java:70)\r\n\tat org.openqa.selenium.support.pagefactory.internal.LocatingElementHandler.invoke(LocatingElementHandler.java:39)\r\n\tat jdk.proxy2/jdk.proxy2.$Proxy21.isDisplayed(Unknown Source)\r\n\tat stepDefinitions.US003StepDefs.passwordStrengthSeviyesininOlmadigiTestEdilir(US003StepDefs.java:59)\r\n\tat ✽.Password strength seviyesinin bes olmadigi test edilir(file:///C:/Users/TULAY/IdeaProjects/CucumberProjeMedunna/src/test/resources/features/US003.feature:36)\r\n","duration":15058163700,"status":"failed"},"line":36,"name":"Password strength seviyesinin bes olmadigi test edilir","match":{"location":"stepDefinitions.US003StepDefs.passwordStrengthSeviyesininOlmadigiTestEdilir()"},"keyword":"Then "}],"tags":[{"name":"@US003_UI"},{"name":"@SmokeTests"},{"name":"@US003_TC03"}]},{"line":4,"name":"Ortak Stepler","description":"","type":"background","keyword":"Background","steps":[{"result":{"duration":258938800,"status":"passed"},"line":5,"name":"Medunna anasayfasina gidilir","match":{"location":"stepDefinitions.US001StepDefs.medunnaAnasayfasinaGidilir()"},"keyword":"Given "},{"result":{"duration":101729200,"status":"passed"},"line":6,"name":"Account menu butonu tiklanir","match":{"location":"stepDefinitions.US001StepDefs.accountMenuButonuTiklanir()"},"keyword":"Then "},{"result":{"duration":15137994800,"status":"passed"},"line":7,"name":"Registration sayfasina gidilir","match":{"location":"stepDefinitions.US001StepDefs.registrationSayfasinaGidilir()"},"keyword":"And "}]},{"start_timestamp":"2022-11-21T10:03:54.339Z","line":41,"name":"US003_TC03","description":"","id":"us002-registerpage;us003-tc03;test-data;4","type":"scenario","keyword":"Scenario Outline","steps":[{"result":{"duration":2234111400,"status":"passed"},"line":35,"name":"New Password bolumune yedi karakterden az bir sifre \"AY2HMk\" girilir","match":{"arguments":[{"val":"\"AY2HMk\"","offset":52}],"location":"stepDefinitions.US003StepDefs.newPasswordBolumuneKarakterdenAzBirSifreGirilir(java.lang.String)"},"keyword":"Given "},{"result":{"error_message":"org.openqa.selenium.NoSuchElementException: no such element: Unable to locate element: {\"method\":\"xpath\",\"selector\":\"//li[@style='background-color: rgb(0, 255, 0);']\"}\n  (Session info: chrome=107.0.5304.107)\nFor documentation on this error, please visit: https://selenium.dev/exceptions/#no_such_element\nBuild info: version: '4.1.3', revision: '7b1ebf28ef'\nSystem info: host: 'DESKTOP-QTJRRJG', ip: '192.168.1.27', os.name: 'Windows 10', os.arch: 'amd64', os.version: '10.0', java.version: '18.0.2'\nDriver info: org.openqa.selenium.chrome.ChromeDriver\nCommand: [10f4adc0f734fd91b27a7c54e9bcd86c, findElement {using=xpath, value=//li[@style='background-color: rgb(0, 255, 0);']}]\nCapabilities {acceptInsecureCerts: false, browserName: chrome, browserVersion: 107.0.5304.107, chrome: {chromedriverVersion: 107.0.5304.62 (1eec40d3a576..., userDataDir: C:\\Users\\TULAY\\AppData\\Loca...}, goog:chromeOptions: {debuggerAddress: localhost:50341}, javascriptEnabled: true, networkConnectionEnabled: false, pageLoadStrategy: normal, platform: WINDOWS, platformName: WINDOWS, proxy: Proxy(), se:cdp: ws://localhost:50341/devtoo..., se:cdpVersion: 107.0.5304.107, setWindowRect: true, strictFileInteractability: false, timeouts: {implicit: 0, pageLoad: 300000, script: 30000}, unhandledPromptBehavior: dismiss and notify, webauthn:extension:credBlob: true, webauthn:extension:largeBlob: true, webauthn:virtualAuthenticators: true}\nSession ID: 10f4adc0f734fd91b27a7c54e9bcd86c\r\n\tat java.base/jdk.internal.reflect.DirectConstructorHandleAccessor.newInstance(DirectConstructorHandleAccessor.java:67)\r\n\tat java.base/java.lang.reflect.Constructor.newInstanceWithCaller(Constructor.java:499)\r\n\tat java.base/java.lang.reflect.Constructor.newInstance(Constructor.java:483)\r\n\tat org.openqa.selenium.remote.codec.w3c.W3CHttpResponseCodec.createException(W3CHttpResponseCodec.java:200)\r\n\tat org.openqa.selenium.remote.codec.w3c.W3CHttpResponseCodec.decode(W3CHttpResponseCodec.java:133)\r\n\tat org.openqa.selenium.remote.codec.w3c.W3CHttpResponseCodec.decode(W3CHttpResponseCodec.java:53)\r\n\tat org.openqa.selenium.remote.HttpCommandExecutor.execute(HttpCommandExecutor.java:184)\r\n\tat org.openqa.selenium.remote.service.DriverCommandExecutor.invokeExecute(DriverCommandExecutor.java:167)\r\n\tat org.openqa.selenium.remote.service.DriverCommandExecutor.execute(DriverCommandExecutor.java:142)\r\n\tat org.openqa.selenium.remote.RemoteWebDriver.execute(RemoteWebDriver.java:567)\r\n\tat org.openqa.selenium.remote.ElementLocation$ElementFinder$2.findElement(ElementLocation.java:162)\r\n\tat org.openqa.selenium.remote.ElementLocation.findElement(ElementLocation.java:60)\r\n\tat org.openqa.selenium.remote.RemoteWebDriver.findElement(RemoteWebDriver.java:385)\r\n\tat org.openqa.selenium.remote.RemoteWebDriver.findElement(RemoteWebDriver.java:377)\r\n\tat org.openqa.selenium.support.pagefactory.DefaultElementLocator.findElement(DefaultElementLocator.java:70)\r\n\tat org.openqa.selenium.support.pagefactory.internal.LocatingElementHandler.invoke(LocatingElementHandler.java:39)\r\n\tat jdk.proxy2/jdk.proxy2.$Proxy21.isDisplayed(Unknown Source)\r\n\tat stepDefinitions.US003StepDefs.passwordStrengthSeviyesininOlmadigiTestEdilir(US003StepDefs.java:59)\r\n\tat ✽.Password strength seviyesinin bes olmadigi test edilir(file:///C:/Users/TULAY/IdeaProjects/CucumberProjeMedunna/src/test/resources/features/US003.feature:36)\r\n","duration":15165093200,"status":"failed"},"line":36,"name":"Password strength seviyesinin bes olmadigi test edilir","match":{"location":"stepDefinitions.US003StepDefs.passwordStrengthSeviyesininOlmadigiTestEdilir()"},"keyword":"Then "}],"tags":[{"name":"@US003_UI"},{"name":"@SmokeTests"},{"name":"@US003_TC03"}]},{"line":4,"name":"Ortak Stepler","description":"","type":"background","keyword":"Background","steps":[{"result":{"duration":413892500,"status":"passed"},"line":5,"name":"Medunna anasayfasina gidilir","match":{"location":"stepDefinitions.US001StepDefs.medunnaAnasayfasinaGidilir()"},"keyword":"Given "},{"result":{"duration":145614900,"status":"passed"},"line":6,"name":"Account menu butonu tiklanir","match":{"location":"stepDefinitions.US001StepDefs.accountMenuButonuTiklanir()"},"keyword":"Then "},{"result":{"duration":15250966500,"status":"passed"},"line":7,"name":"Registration sayfasina gidilir","match":{"location":"stepDefinitions.US001StepDefs.registrationSayfasinaGidilir()"},"keyword":"And "}]},{"start_timestamp":"2022-11-21T10:04:27.281Z","line":42,"name":"US003_TC03","description":"","id":"us002-registerpage;us003-tc03;test-data;5","type":"scenario","keyword":"Scenario Outline","steps":[{"result":{"duration":2247614600,"status":"passed"},"line":35,"name":"New Password bolumune yedi karakterden az bir sifre \"xbrydF\" girilir","match":{"arguments":[{"val":"\"xbrydF\"","offset":52}],"location":"stepDefinitions.US003StepDefs.newPasswordBolumuneKarakterdenAzBirSifreGirilir(java.lang.String)"},"keyword":"Given "},{"result":{"error_message":"org.openqa.selenium.NoSuchElementException: no such element: Unable to locate element: {\"method\":\"xpath\",\"selector\":\"//li[@style='background-color: rgb(0, 255, 0);']\"}\n  (Session info: chrome=107.0.5304.107)\nFor documentation on this error, please visit: https://selenium.dev/exceptions/#no_such_element\nBuild info: version: '4.1.3', revision: '7b1ebf28ef'\nSystem info: host: 'DESKTOP-QTJRRJG', ip: '192.168.1.27', os.name: 'Windows 10', os.arch: 'amd64', os.version: '10.0', java.version: '18.0.2'\nDriver info: org.openqa.selenium.chrome.ChromeDriver\nCommand: [10f4adc0f734fd91b27a7c54e9bcd86c, findElement {using=xpath, value=//li[@style='background-color: rgb(0, 255, 0);']}]\nCapabilities {acceptInsecureCerts: false, browserName: chrome, browserVersion: 107.0.5304.107, chrome: {chromedriverVersion: 107.0.5304.62 (1eec40d3a576..., userDataDir: C:\\Users\\TULAY\\AppData\\Loca...}, goog:chromeOptions: {debuggerAddress: localhost:50341}, javascriptEnabled: true, networkConnectionEnabled: false, pageLoadStrategy: normal, platform: WINDOWS, platformName: WINDOWS, proxy: Proxy(), se:cdp: ws://localhost:50341/devtoo..., se:cdpVersion: 107.0.5304.107, setWindowRect: true, strictFileInteractability: false, timeouts: {implicit: 0, pageLoad: 300000, script: 30000}, unhandledPromptBehavior: dismiss and notify, webauthn:extension:credBlob: true, webauthn:extension:largeBlob: true, webauthn:virtualAuthenticators: true}\nSession ID: 10f4adc0f734fd91b27a7c54e9bcd86c\r\n\tat java.base/jdk.internal.reflect.DirectConstructorHandleAccessor.newInstance(DirectConstructorHandleAccessor.java:67)\r\n\tat java.base/java.lang.reflect.Constructor.newInstanceWithCaller(Constructor.java:499)\r\n\tat java.base/java.lang.reflect.Constructor.newInstance(Constructor.java:483)\r\n\tat org.openqa.selenium.remote.codec.w3c.W3CHttpResponseCodec.createException(W3CHttpResponseCodec.java:200)\r\n\tat org.openqa.selenium.remote.codec.w3c.W3CHttpResponseCodec.decode(W3CHttpResponseCodec.java:133)\r\n\tat org.openqa.selenium.remote.codec.w3c.W3CHttpResponseCodec.decode(W3CHttpResponseCodec.java:53)\r\n\tat org.openqa.selenium.remote.HttpCommandExecutor.execute(HttpCommandExecutor.java:184)\r\n\tat org.openqa.selenium.remote.service.DriverCommandExecutor.invokeExecute(DriverCommandExecutor.java:167)\r\n\tat org.openqa.selenium.remote.service.DriverCommandExecutor.execute(DriverCommandExecutor.java:142)\r\n\tat org.openqa.selenium.remote.RemoteWebDriver.execute(RemoteWebDriver.java:567)\r\n\tat org.openqa.selenium.remote.ElementLocation$ElementFinder$2.findElement(ElementLocation.java:162)\r\n\tat org.openqa.selenium.remote.ElementLocation.findElement(ElementLocation.java:60)\r\n\tat org.openqa.selenium.remote.RemoteWebDriver.findElement(RemoteWebDriver.java:385)\r\n\tat org.openqa.selenium.remote.RemoteWebDriver.findElement(RemoteWebDriver.java:377)\r\n\tat org.openqa.selenium.support.pagefactory.DefaultElementLocator.findElement(DefaultElementLocator.java:70)\r\n\tat org.openqa.selenium.support.pagefactory.internal.LocatingElementHandler.invoke(LocatingElementHandler.java:39)\r\n\tat jdk.proxy2/jdk.proxy2.$Proxy21.isDisplayed(Unknown Source)\r\n\tat stepDefinitions.US003StepDefs.passwordStrengthSeviyesininOlmadigiTestEdilir(US003StepDefs.java:59)\r\n\tat ✽.Password strength seviyesinin bes olmadigi test edilir(file:///C:/Users/TULAY/IdeaProjects/CucumberProjeMedunna/src/test/resources/features/US003.feature:36)\r\n","duration":15057119100,"status":"failed"},"line":36,"name":"Password strength seviyesinin bes olmadigi test edilir","match":{"location":"stepDefinitions.US003StepDefs.passwordStrengthSeviyesininOlmadigiTestEdilir()"},"keyword":"Then "}],"tags":[{"name":"@US003_UI"},{"name":"@SmokeTests"},{"name":"@US003_TC03"}]},{"line":4,"name":"Ortak Stepler","description":"","type":"background","keyword":"Background","steps":[{"result":{"duration":321143600,"status":"passed"},"line":5,"name":"Medunna anasayfasina gidilir","match":{"location":"stepDefinitions.US001StepDefs.medunnaAnasayfasinaGidilir()"},"keyword":"Given "},{"result":{"duration":126659900,"status":"passed"},"line":6,"name":"Account menu butonu tiklanir","match":{"location":"stepDefinitions.US001StepDefs.accountMenuButonuTiklanir()"},"keyword":"Then "},{"result":{"duration":15236339900,"status":"passed"},"line":7,"name":"Registration sayfasina gidilir","match":{"location":"stepDefinitions.US001StepDefs.registrationSayfasinaGidilir()"},"keyword":"And "}]},{"start_timestamp":"2022-11-21T10:05:00.444Z","line":43,"name":"US003_TC03","description":"","id":"us002-registerpage;us003-tc03;test-data;6","type":"scenario","keyword":"Scenario Outline","steps":[{"result":{"duration":2360168600,"status":"passed"},"line":35,"name":"New Password bolumune yedi karakterden az bir sifre \"tBayd1\" girilir","match":{"arguments":[{"val":"\"tBayd1\"","offset":52}],"location":"stepDefinitions.US003StepDefs.newPasswordBolumuneKarakterdenAzBirSifreGirilir(java.lang.String)"},"keyword":"Given "},{"result":{"error_message":"org.openqa.selenium.NoSuchElementException: no such element: Unable to locate element: {\"method\":\"xpath\",\"selector\":\"//li[@style='background-color: rgb(0, 255, 0);']\"}\n  (Session info: chrome=107.0.5304.107)\nFor documentation on this error, please visit: https://selenium.dev/exceptions/#no_such_element\nBuild info: version: '4.1.3', revision: '7b1ebf28ef'\nSystem info: host: 'DESKTOP-QTJRRJG', ip: '192.168.1.27', os.name: 'Windows 10', os.arch: 'amd64', os.version: '10.0', java.version: '18.0.2'\nDriver info: org.openqa.selenium.chrome.ChromeDriver\nCommand: [10f4adc0f734fd91b27a7c54e9bcd86c, findElement {using=xpath, value=//li[@style='background-color: rgb(0, 255, 0);']}]\nCapabilities {acceptInsecureCerts: false, browserName: chrome, browserVersion: 107.0.5304.107, chrome: {chromedriverVersion: 107.0.5304.62 (1eec40d3a576..., userDataDir: C:\\Users\\TULAY\\AppData\\Loca...}, goog:chromeOptions: {debuggerAddress: localhost:50341}, javascriptEnabled: true, networkConnectionEnabled: false, pageLoadStrategy: normal, platform: WINDOWS, platformName: WINDOWS, proxy: Proxy(), se:cdp: ws://localhost:50341/devtoo..., se:cdpVersion: 107.0.5304.107, setWindowRect: true, strictFileInteractability: false, timeouts: {implicit: 0, pageLoad: 300000, script: 30000}, unhandledPromptBehavior: dismiss and notify, webauthn:extension:credBlob: true, webauthn:extension:largeBlob: true, webauthn:virtualAuthenticators: true}\nSession ID: 10f4adc0f734fd91b27a7c54e9bcd86c\r\n\tat java.base/jdk.internal.reflect.DirectConstructorHandleAccessor.newInstance(DirectConstructorHandleAccessor.java:67)\r\n\tat java.base/java.lang.reflect.Constructor.newInstanceWithCaller(Constructor.java:499)\r\n\tat java.base/java.lang.reflect.Constructor.newInstance(Constructor.java:483)\r\n\tat org.openqa.selenium.remote.codec.w3c.W3CHttpResponseCodec.createException(W3CHttpResponseCodec.java:200)\r\n\tat org.openqa.selenium.remote.codec.w3c.W3CHttpResponseCodec.decode(W3CHttpResponseCodec.java:133)\r\n\tat org.openqa.selenium.remote.codec.w3c.W3CHttpResponseCodec.decode(W3CHttpResponseCodec.java:53)\r\n\tat org.openqa.selenium.remote.HttpCommandExecutor.execute(HttpCommandExecutor.java:184)\r\n\tat org.openqa.selenium.remote.service.DriverCommandExecutor.invokeExecute(DriverCommandExecutor.java:167)\r\n\tat org.openqa.selenium.remote.service.DriverCommandExecutor.execute(DriverCommandExecutor.java:142)\r\n\tat org.openqa.selenium.remote.RemoteWebDriver.execute(RemoteWebDriver.java:567)\r\n\tat org.openqa.selenium.remote.ElementLocation$ElementFinder$2.findElement(ElementLocation.java:162)\r\n\tat org.openqa.selenium.remote.ElementLocation.findElement(ElementLocation.java:60)\r\n\tat org.openqa.selenium.remote.RemoteWebDriver.findElement(RemoteWebDriver.java:385)\r\n\tat org.openqa.selenium.remote.RemoteWebDriver.findElement(RemoteWebDriver.java:377)\r\n\tat org.openqa.selenium.support.pagefactory.DefaultElementLocator.findElement(DefaultElementLocator.java:70)\r\n\tat org.openqa.selenium.support.pagefactory.internal.LocatingElementHandler.invoke(LocatingElementHandler.java:39)\r\n\tat jdk.proxy2/jdk.proxy2.$Proxy21.isDisplayed(Unknown Source)\r\n\tat stepDefinitions.US003StepDefs.passwordStrengthSeviyesininOlmadigiTestEdilir(US003StepDefs.java:59)\r\n\tat ✽.Password strength seviyesinin bes olmadigi test edilir(file:///C:/Users/TULAY/IdeaProjects/CucumberProjeMedunna/src/test/resources/features/US003.feature:36)\r\n","duration":15036159300,"status":"failed"},"line":36,"name":"Password strength seviyesinin bes olmadigi test edilir","match":{"location":"stepDefinitions.US003StepDefs.passwordStrengthSeviyesininOlmadigiTestEdilir()"},"keyword":"Then "}],"tags":[{"name":"@US003_UI"},{"name":"@SmokeTests"},{"name":"@US003_TC03"}]},{"line":4,"name":"Ortak Stepler","description":"","type":"background","keyword":"Background","steps":[{"result":{"duration":448409300,"status":"passed"},"line":5,"name":"Medunna anasayfasina gidilir","match":{"location":"stepDefinitions.US001StepDefs.medunnaAnasayfasinaGidilir()"},"keyword":"Given "},{"result":{"duration":142620900,"status":"passed"},"line":6,"name":"Account menu butonu tiklanir","match":{"location":"stepDefinitions.US001StepDefs.accountMenuButonuTiklanir()"},"keyword":"Then "},{"result":{"duration":15239334000,"status":"passed"},"line":7,"name":"Registration sayfasina gidilir","match":{"location":"stepDefinitions.US001StepDefs.registrationSayfasinaGidilir()"},"keyword":"And "}]},{"start_timestamp":"2022-11-21T10:05:33.566Z","line":44,"name":"US003_TC03","description":"","id":"us002-registerpage;us003-tc03;test-data;7","type":"scenario","keyword":"Scenario Outline","steps":[{"result":{"duration":2212156400,"status":"passed"},"line":35,"name":"New Password bolumune yedi karakterden az bir sifre \"eAayd?\" girilir","match":{"arguments":[{"val":"\"eAayd?\"","offset":52}],"location":"stepDefinitions.US003StepDefs.newPasswordBolumuneKarakterdenAzBirSifreGirilir(java.lang.String)"},"keyword":"Given "},{"result":{"error_message":"org.openqa.selenium.NoSuchElementException: no such element: Unable to locate element: {\"method\":\"xpath\",\"selector\":\"//li[@style='background-color: rgb(0, 255, 0);']\"}\n  (Session info: chrome=107.0.5304.107)\nFor documentation on this error, please visit: https://selenium.dev/exceptions/#no_such_element\nBuild info: version: '4.1.3', revision: '7b1ebf28ef'\nSystem info: host: 'DESKTOP-QTJRRJG', ip: '192.168.1.27', os.name: 'Windows 10', os.arch: 'amd64', os.version: '10.0', java.version: '18.0.2'\nDriver info: org.openqa.selenium.chrome.ChromeDriver\nCommand: [10f4adc0f734fd91b27a7c54e9bcd86c, findElement {using=xpath, value=//li[@style='background-color: rgb(0, 255, 0);']}]\nCapabilities {acceptInsecureCerts: false, browserName: chrome, browserVersion: 107.0.5304.107, chrome: {chromedriverVersion: 107.0.5304.62 (1eec40d3a576..., userDataDir: C:\\Users\\TULAY\\AppData\\Loca...}, goog:chromeOptions: {debuggerAddress: localhost:50341}, javascriptEnabled: true, networkConnectionEnabled: false, pageLoadStrategy: normal, platform: WINDOWS, platformName: WINDOWS, proxy: Proxy(), se:cdp: ws://localhost:50341/devtoo..., se:cdpVersion: 107.0.5304.107, setWindowRect: true, strictFileInteractability: false, timeouts: {implicit: 0, pageLoad: 300000, script: 30000}, unhandledPromptBehavior: dismiss and notify, webauthn:extension:credBlob: true, webauthn:extension:largeBlob: true, webauthn:virtualAuthenticators: true}\nSession ID: 10f4adc0f734fd91b27a7c54e9bcd86c\r\n\tat java.base/jdk.internal.reflect.DirectConstructorHandleAccessor.newInstance(DirectConstructorHandleAccessor.java:67)\r\n\tat java.base/java.lang.reflect.Constructor.newInstanceWithCaller(Constructor.java:499)\r\n\tat java.base/java.lang.reflect.Constructor.newInstance(Constructor.java:483)\r\n\tat org.openqa.selenium.remote.codec.w3c.W3CHttpResponseCodec.createException(W3CHttpResponseCodec.java:200)\r\n\tat org.openqa.selenium.remote.codec.w3c.W3CHttpResponseCodec.decode(W3CHttpResponseCodec.java:133)\r\n\tat org.openqa.selenium.remote.codec.w3c.W3CHttpResponseCodec.decode(W3CHttpResponseCodec.java:53)\r\n\tat org.openqa.selenium.remote.HttpCommandExecutor.execute(HttpCommandExecutor.java:184)\r\n\tat org.openqa.selenium.remote.service.DriverCommandExecutor.invokeExecute(DriverCommandExecutor.java:167)\r\n\tat org.openqa.selenium.remote.service.DriverCommandExecutor.execute(DriverCommandExecutor.java:142)\r\n\tat org.openqa.selenium.remote.RemoteWebDriver.execute(RemoteWebDriver.java:567)\r\n\tat org.openqa.selenium.remote.ElementLocation$ElementFinder$2.findElement(ElementLocation.java:162)\r\n\tat org.openqa.selenium.remote.ElementLocation.findElement(ElementLocation.java:60)\r\n\tat org.openqa.selenium.remote.RemoteWebDriver.findElement(RemoteWebDriver.java:385)\r\n\tat org.openqa.selenium.remote.RemoteWebDriver.findElement(RemoteWebDriver.java:377)\r\n\tat org.openqa.selenium.support.pagefactory.DefaultElementLocator.findElement(DefaultElementLocator.java:70)\r\n\tat org.openqa.selenium.support.pagefactory.internal.LocatingElementHandler.invoke(LocatingElementHandler.java:39)\r\n\tat jdk.proxy2/jdk.proxy2.$Proxy21.isDisplayed(Unknown Source)\r\n\tat stepDefinitions.US003StepDefs.passwordStrengthSeviyesininOlmadigiTestEdilir(US003StepDefs.java:59)\r\n\tat ✽.Password strength seviyesinin bes olmadigi test edilir(file:///C:/Users/TULAY/IdeaProjects/CucumberProjeMedunna/src/test/resources/features/US003.feature:36)\r\n","duration":15034524000,"status":"failed"},"line":36,"name":"Password strength seviyesinin bes olmadigi test edilir","match":{"location":"stepDefinitions.US003StepDefs.passwordStrengthSeviyesininOlmadigiTestEdilir()"},"keyword":"Then "}],"tags":[{"name":"@US003_UI"},{"name":"@SmokeTests"},{"name":"@US003_TC03"}]},{"line":4,"name":"Ortak Stepler","description":"","type":"background","keyword":"Background","steps":[{"result":{"duration":525595400,"status":"passed"},"line":5,"name":"Medunna anasayfasina gidilir","match":{"location":"stepDefinitions.US001StepDefs.medunnaAnasayfasinaGidilir()"},"keyword":"Given "},{"result":{"duration":145608500,"status":"passed"},"line":6,"name":"Account menu butonu tiklanir","match":{"location":"stepDefinitions.US001StepDefs.accountMenuButonuTiklanir()"},"keyword":"Then "},{"result":{"duration":15175380500,"status":"passed"},"line":7,"name":"Registration sayfasina gidilir","match":{"location":"stepDefinitions.US001StepDefs.registrationSayfasinaGidilir()"},"keyword":"And "}]},{"start_timestamp":"2022-11-21T10:06:06.680Z","line":45,"name":"US003_TC03","description":"","id":"us002-registerpage;us003-tc03;test-data;8","type":"scenario","keyword":"Scenario Outline","steps":[{"result":{"duration":2236178600,"status":"passed"},"line":35,"name":"New Password bolumune yedi karakterden az bir sifre \"brxm!2\" girilir","match":{"arguments":[{"val":"\"brxm!2\"","offset":52}],"location":"stepDefinitions.US003StepDefs.newPasswordBolumuneKarakterdenAzBirSifreGirilir(java.lang.String)"},"keyword":"Given "},{"result":{"error_message":"org.openqa.selenium.NoSuchElementException: no such element: Unable to locate element: {\"method\":\"xpath\",\"selector\":\"//li[@style='background-color: rgb(0, 255, 0);']\"}\n  (Session info: chrome=107.0.5304.107)\nFor documentation on this error, please visit: https://selenium.dev/exceptions/#no_such_element\nBuild info: version: '4.1.3', revision: '7b1ebf28ef'\nSystem info: host: 'DESKTOP-QTJRRJG', ip: '192.168.1.27', os.name: 'Windows 10', os.arch: 'amd64', os.version: '10.0', java.version: '18.0.2'\nDriver info: org.openqa.selenium.chrome.ChromeDriver\nCommand: [10f4adc0f734fd91b27a7c54e9bcd86c, findElement {using=xpath, value=//li[@style='background-color: rgb(0, 255, 0);']}]\nCapabilities {acceptInsecureCerts: false, browserName: chrome, browserVersion: 107.0.5304.107, chrome: {chromedriverVersion: 107.0.5304.62 (1eec40d3a576..., userDataDir: C:\\Users\\TULAY\\AppData\\Loca...}, goog:chromeOptions: {debuggerAddress: localhost:50341}, javascriptEnabled: true, networkConnectionEnabled: false, pageLoadStrategy: normal, platform: WINDOWS, platformName: WINDOWS, proxy: Proxy(), se:cdp: ws://localhost:50341/devtoo..., se:cdpVersion: 107.0.5304.107, setWindowRect: true, strictFileInteractability: false, timeouts: {implicit: 0, pageLoad: 300000, script: 30000}, unhandledPromptBehavior: dismiss and notify, webauthn:extension:credBlob: true, webauthn:extension:largeBlob: true, webauthn:virtualAuthenticators: true}\nSession ID: 10f4adc0f734fd91b27a7c54e9bcd86c\r\n\tat java.base/jdk.internal.reflect.DirectConstructorHandleAccessor.newInstance(DirectConstructorHandleAccessor.java:67)\r\n\tat java.base/java.lang.reflect.Constructor.newInstanceWithCaller(Constructor.java:499)\r\n\tat java.base/java.lang.reflect.Constructor.newInstance(Constructor.java:483)\r\n\tat org.openqa.selenium.remote.codec.w3c.W3CHttpResponseCodec.createException(W3CHttpResponseCodec.java:200)\r\n\tat org.openqa.selenium.remote.codec.w3c.W3CHttpResponseCodec.decode(W3CHttpResponseCodec.java:133)\r\n\tat org.openqa.selenium.remote.codec.w3c.W3CHttpResponseCodec.decode(W3CHttpResponseCodec.java:53)\r\n\tat org.openqa.selenium.remote.HttpCommandExecutor.execute(HttpCommandExecutor.java:184)\r\n\tat org.openqa.selenium.remote.service.DriverCommandExecutor.invokeExecute(DriverCommandExecutor.java:167)\r\n\tat org.openqa.selenium.remote.service.DriverCommandExecutor.execute(DriverCommandExecutor.java:142)\r\n\tat org.openqa.selenium.remote.RemoteWebDriver.execute(RemoteWebDriver.java:567)\r\n\tat org.openqa.selenium.remote.ElementLocation$ElementFinder$2.findElement(ElementLocation.java:162)\r\n\tat org.openqa.selenium.remote.ElementLocation.findElement(ElementLocation.java:60)\r\n\tat org.openqa.selenium.remote.RemoteWebDriver.findElement(RemoteWebDriver.java:385)\r\n\tat org.openqa.selenium.remote.RemoteWebDriver.findElement(RemoteWebDriver.java:377)\r\n\tat org.openqa.selenium.support.pagefactory.DefaultElementLocator.findElement(DefaultElementLocator.java:70)\r\n\tat org.openqa.selenium.support.pagefactory.internal.LocatingElementHandler.invoke(LocatingElementHandler.java:39)\r\n\tat jdk.proxy2/jdk.proxy2.$Proxy21.isDisplayed(Unknown Source)\r\n\tat stepDefinitions.US003StepDefs.passwordStrengthSeviyesininOlmadigiTestEdilir(US003StepDefs.java:59)\r\n\tat ✽.Password strength seviyesinin bes olmadigi test edilir(file:///C:/Users/TULAY/IdeaProjects/CucumberProjeMedunna/src/test/resources/features/US003.feature:36)\r\n","duration":15017603900,"status":"failed"},"line":36,"name":"Password strength seviyesinin bes olmadigi test edilir","match":{"location":"stepDefinitions.US003StepDefs.passwordStrengthSeviyesininOlmadigiTestEdilir()"},"keyword":"Then "}],"tags":[{"name":"@US003_UI"},{"name":"@SmokeTests"},{"name":"@US003_TC03"}]},{"line":4,"name":"Ortak Stepler","description":"","type":"background","keyword":"Background","steps":[{"result":{"duration":408906700,"status":"passed"},"line":5,"name":"Medunna anasayfasina gidilir","match":{"location":"stepDefinitions.US001StepDefs.medunnaAnasayfasinaGidilir()"},"keyword":"Given "},{"result":{"duration":117684800,"status":"passed"},"line":6,"name":"Account menu butonu tiklanir","match":{"location":"stepDefinitions.US001StepDefs.accountMenuButonuTiklanir()"},"keyword":"Then "},{"result":{"duration":15199691100,"status":"passed"},"line":7,"name":"Registration sayfasina gidilir","match":{"location":"stepDefinitions.US001StepDefs.registrationSayfasinaGidilir()"},"keyword":"And "}]},{"start_timestamp":"2022-11-21T10:06:39.807Z","line":46,"name":"US003_TC03","description":"","id":"us002-registerpage;us003-tc03;test-data;9","type":"scenario","keyword":"Scenario Outline","steps":[{"result":{"duration":2295251400,"status":"passed"},"line":35,"name":"New Password bolumune yedi karakterden az bir sifre \"b?*B2!\" girilir","match":{"arguments":[{"val":"\"b?*B2!\"","offset":52}],"location":"stepDefinitions.US003StepDefs.newPasswordBolumuneKarakterdenAzBirSifreGirilir(java.lang.String)"},"keyword":"Given "},{"result":{"error_message":"org.openqa.selenium.NoSuchElementException: no such element: Unable to locate element: {\"method\":\"xpath\",\"selector\":\"//li[@style='background-color: rgb(0, 255, 0);']\"}\n  (Session info: chrome=107.0.5304.107)\nFor documentation on this error, please visit: https://selenium.dev/exceptions/#no_such_element\nBuild info: version: '4.1.3', revision: '7b1ebf28ef'\nSystem info: host: 'DESKTOP-QTJRRJG', ip: '192.168.1.27', os.name: 'Windows 10', os.arch: 'amd64', os.version: '10.0', java.version: '18.0.2'\nDriver info: org.openqa.selenium.chrome.ChromeDriver\nCommand: [10f4adc0f734fd91b27a7c54e9bcd86c, findElement {using=xpath, value=//li[@style='background-color: rgb(0, 255, 0);']}]\nCapabilities {acceptInsecureCerts: false, browserName: chrome, browserVersion: 107.0.5304.107, chrome: {chromedriverVersion: 107.0.5304.62 (1eec40d3a576..., userDataDir: C:\\Users\\TULAY\\AppData\\Loca...}, goog:chromeOptions: {debuggerAddress: localhost:50341}, javascriptEnabled: true, networkConnectionEnabled: false, pageLoadStrategy: normal, platform: WINDOWS, platformName: WINDOWS, proxy: Proxy(), se:cdp: ws://localhost:50341/devtoo..., se:cdpVersion: 107.0.5304.107, setWindowRect: true, strictFileInteractability: false, timeouts: {implicit: 0, pageLoad: 300000, script: 30000}, unhandledPromptBehavior: dismiss and notify, webauthn:extension:credBlob: true, webauthn:extension:largeBlob: true, webauthn:virtualAuthenticators: true}\nSession ID: 10f4adc0f734fd91b27a7c54e9bcd86c\r\n\tat java.base/jdk.internal.reflect.DirectConstructorHandleAccessor.newInstance(DirectConstructorHandleAccessor.java:67)\r\n\tat java.base/java.lang.reflect.Constructor.newInstanceWithCaller(Constructor.java:499)\r\n\tat java.base/java.lang.reflect.Constructor.newInstance(Constructor.java:483)\r\n\tat org.openqa.selenium.remote.codec.w3c.W3CHttpResponseCodec.createException(W3CHttpResponseCodec.java:200)\r\n\tat org.openqa.selenium.remote.codec.w3c.W3CHttpResponseCodec.decode(W3CHttpResponseCodec.java:133)\r\n\tat org.openqa.selenium.remote.codec.w3c.W3CHttpResponseCodec.decode(W3CHttpResponseCodec.java:53)\r\n\tat org.openqa.selenium.remote.HttpCommandExecutor.execute(HttpCommandExecutor.java:184)\r\n\tat org.openqa.selenium.remote.service.DriverCommandExecutor.invokeExecute(DriverCommandExecutor.java:167)\r\n\tat org.openqa.selenium.remote.service.DriverCommandExecutor.execute(DriverCommandExecutor.java:142)\r\n\tat org.openqa.selenium.remote.RemoteWebDriver.execute(RemoteWebDriver.java:567)\r\n\tat org.openqa.selenium.remote.ElementLocation$ElementFinder$2.findElement(ElementLocation.java:162)\r\n\tat org.openqa.selenium.remote.ElementLocation.findElement(ElementLocation.java:60)\r\n\tat org.openqa.selenium.remote.RemoteWebDriver.findElement(RemoteWebDriver.java:385)\r\n\tat org.openqa.selenium.remote.RemoteWebDriver.findElement(RemoteWebDriver.java:377)\r\n\tat org.openqa.selenium.support.pagefactory.DefaultElementLocator.findElement(DefaultElementLocator.java:70)\r\n\tat org.openqa.selenium.support.pagefactory.internal.LocatingElementHandler.invoke(LocatingElementHandler.java:39)\r\n\tat jdk.proxy2/jdk.proxy2.$Proxy21.isDisplayed(Unknown Source)\r\n\tat stepDefinitions.US003StepDefs.passwordStrengthSeviyesininOlmadigiTestEdilir(US003StepDefs.java:59)\r\n\tat ✽.Password strength seviyesinin bes olmadigi test edilir(file:///C:/Users/TULAY/IdeaProjects/CucumberProjeMedunna/src/test/resources/features/US003.feature:36)\r\n","duration":15046906600,"status":"failed"},"line":36,"name":"Password strength seviyesinin bes olmadigi test edilir","match":{"location":"stepDefinitions.US003StepDefs.passwordStrengthSeviyesininOlmadigiTestEdilir()"},"keyword":"Then "}],"tags":[{"name":"@US003_UI"},{"name":"@SmokeTests"},{"name":"@US003_TC03"}]}],"name":"US002 registerpage","description":"","id":"us002-registerpage","keyword":"Feature","uri":"file:src/test/resources/features/US003.feature","tags":[{"name":"@US003_UI","type":"Tag","location":{"line":1,"column":1}},{"name":"@SmokeTests","type":"Tag","location":{"line":1,"column":11}}]}]